<?xml version="1.0" encoding="UTF-8"?>
<testng-results ignored="0" total="1" passed="1" failed="0" skipped="0">
  <reporter-output>
    <line>
      <![CDATA[Clicked on Login Button]]>
    </line>
    <line>
      <![CDATA[Type On Email Id]]>
    </line>
    <line>
      <![CDATA[Clicked on Contine button]]>
    </line>
    <line>
      <![CDATA[Type On Password]]>
    </line>
    <line>
      <![CDATA[Clicked on Log in button]]>
    </line>
  </reporter-output>
  <suite started-at="2023-07-26T19:29:59 IST" name="Trello" finished-at="2023-07-26T19:30:08 IST" duration-ms="9412">
    <groups>
    </groups>
    <test started-at="2023-07-26T19:29:59 IST" name="Login test" finished-at="2023-07-26T19:30:08 IST" duration-ms="9412">
      <class name="com.testcases.Testcases">
        <test-method is-config="true" signature="setup()[pri:0, instance:com.testcases.Testcases@3ddc6915]" started-at="2023-07-26T19:29:54 IST" name="setup" finished-at="2023-07-26T19:29:59 IST" duration-ms="4706" status="PASS">
          <reporter-output>
          </reporter-output>
        </test-method> <!-- setup -->
        <test-method signature="signupmethod()[pri:0, instance:com.testcases.Testcases@3ddc6915]" started-at="2023-07-26T19:29:59 IST" name="signupmethod" finished-at="2023-07-26T19:30:08 IST" duration-ms="9386" status="PASS">
          <reporter-output>
            <line>
              <![CDATA[Clicked on Login Button]]>
            </line>
            <line>
              <![CDATA[Type On Email Id]]>
            </line>
            <line>
              <![CDATA[Clicked on Contine button]]>
            </line>
            <line>
              <![CDATA[Type On Password]]>
            </line>
            <line>
              <![CDATA[Clicked on Log in button]]>
            </line>
          </reporter-output>
        </test-method> <!-- signupmethod -->
      </class> <!-- com.testcases.Testcases -->
    </test> <!-- Login test -->
  </suite> <!-- Trello -->
</testng-results>
